[2019-11-28 08:40:35]
select Factoryid,Factoryid+'-'+Shortname name from m_Dcompany_t where usey='Y' and SapState='Y' select PROFITCENTER_CODE=Factoryid, Factoryid+'('+Shortname+')' AS PROFITCENTER_NAME,FACTORY_ID=PCompany  from m_Factory_t where usey='Y'  
[2019-11-28 08:40:35]
select Factoryid,Factoryid+'-'+Shortname name from m_Dcompany_t where usey='Y' and SapState='Y' select PROFITCENTER_CODE=Factoryid, Factoryid+'('+Shortname+')' AS PROFITCENTER_NAME,FACTORY_ID=PCompany  from m_Factory_t where usey='Y'  
[2019-11-28 08:41:11]
 select UserName,Dept,StyleID=isnull(StyleID,99),IsOutUser = isnull(IsOutUser,''),usey = isnull(usey,''),OMd = isnull(OMd,'')  from m_Users_t where UserID='C060148'
[2019-11-28 08:41:12]
 DECLARE @strmsgid varchar(1), @strmsgText nvarchar(150) EXEC [GetCheckUserRight] 'C060148','0131','',@strmsgid OUTPUT ,@strmsgText OUTPUT  SELECT @strmsgid,@strmsgText
[2019-11-28 08:41:13]
IF EXISTS(SELECT * FROM M_USERSETTING_T WHERE USERID='C060148' AND PARAMETER_CODE='FactoryCode') BEGIN UPDATE M_USERSETTING_T SET PARAMETER_VALUES=N'1120-东莞讯滔电子',UPDATETIME=GETDATE() WHERE USERID='C060148' AND PARAMETER_CODE='FactoryCode' END ELSE BEGIN INSERT INTO M_USERSETTING_T(USERID,PARAMETER_CODE,PARAMETER_VALUES,UPDATEUSER_ID) VALUES('C060148','FactoryCode',N'1120-东莞讯滔电子','C060148') END
[2019-11-28 08:41:13]
IF EXISTS(SELECT * FROM M_USERSETTING_T WHERE USERID='C060148' AND PARAMETER_CODE='ProfitCenter') BEGIN UPDATE M_USERSETTING_T SET PARAMETER_VALUES=N'0131(东莞讯滔电子BU1-非保税)',UPDATETIME=GETDATE() WHERE USERID='C060148' AND PARAMETER_CODE='ProfitCenter' END ELSE BEGIN INSERT INTO M_USERSETTING_T(USERID,PARAMETER_CODE,PARAMETER_VALUES,UPDATEUSER_ID) VALUES('C060148','ProfitCenter',N'0131(东莞讯滔电子BU1-非保税)','C060148') END
[2019-11-28 08:41:13]
IF EXISTS(SELECT * FROM M_USERSETTING_T WHERE USERID='C060148' AND PARAMETER_CODE='AutoLogin') BEGIN UPDATE M_USERSETTING_T SET PARAMETER_VALUES=N'0',UPDATETIME=GETDATE() WHERE USERID='C060148' AND PARAMETER_CODE='AutoLogin' END ELSE BEGIN INSERT INTO M_USERSETTING_T(USERID,PARAMETER_CODE,PARAMETER_VALUES,UPDATEUSER_ID) VALUES('C060148','AutoLogin',N'0','C060148') END
[2019-11-28 08:41:13]
declare @remark nvarchar(250)=N'用户登录验证通过，主机名称：DGLX-OF00-0005'declare @Userid varchar(30)='C060148' INSERT INTO [m_UserOperateLog_t]([user_id],[modle_type],[action_type],[remark],[user_ip],[intime]) VALUES (@Userid,N'DGLX-OF00-0005','Login',@remark,'172.20.115.51',GETDATE()) 
[2019-11-28 08:41:14]
exec usp_User_InLoad 'C060148'
[2019-11-28 08:41:14]
update m_Users_t set StyleID='5' where UserID='C060148' 
[2019-11-28 08:41:23]
select SUBSTRING(Ttext,0,CHARINDEX('-',Ttext)) EsortName,Ttext AS TEXT from m_Logtree_t where Tkey in(SELECT Tkey FROM m_UserRight_t WHERE UserID='C060148' and Tkey like 'm20007_%' and Tkey <>'m20007_')
[2019-11-28 08:41:23]
select CodeID,(CodeID+ '-' +CCName) Text from m_Code_t where EsortName='System.Data.DataRowView' and usey='Y' 
[2019-11-28 08:41:23]
select SUBSTRING(Ttext,0,CHARINDEX('-',Ttext)) EsortName,Ttext AS TEXT from m_Logtree_t where Tkey in(SELECT Tkey FROM m_UserRight_t WHERE UserID='C060148' and Tkey like 'm20007_%' and Tkey <>'m20007_')
[2019-11-28 08:41:23]
select CodeID,(CodeID+ '-' +CCName) Text from m_Code_t where EsortName='System.Data.DataRowView' and usey='Y' 
[2019-11-28 08:41:23]
 select ClassName ,OrderIndex  from m_KanbanClass_t  where ClassType = 'C004'  order by OrderIndex
[2019-11-28 08:41:23]
 select OrderIndex, StartDt,EndDt  from m_KanbanClass_t  where ClassType = 'C004' and CONVERT(varchar(12),getdate(),108) between  StartDt and EndDt
[2019-11-28 08:41:23]
SELECT deptid ,dqc  FROM m_Dept_t WHERE usey='Y'  AND FactoryID='0131' ORDER BY dsort asc 
[2019-11-28 08:41:24]
SELECT lineid FROM [deptline_t] where usey='Y' and deptid = 'System.Data.DataRowView' AND FactoryID='0131'
[2019-11-28 08:41:24]
select SortID value,(SortID + '-' + SortName) text from m_Sortset_t  where SortType = 'NGPRODUCTSTATUS' and Usey  = 'Y' order by Orderid 
[2019-11-28 08:41:24]
 exec Proc_ModifyTopMenu 'm031c_','MainTainModule.FrmMainTainHandleDG',N'品质不良维修作业','C060148',N'DGLX-OF00-0005'
[2019-11-28 08:41:25]
SELECT A.Cusid,(A.Cusid + '-' +B.CusName)Text  FROM (SELECT DISTINCT Cusid FROM m_Mainmo_t WHERE ISNULL(Cusid,'')<>'' UNION  SELECT DISTINCT Cusid FROM m_PartContrast_t WHERE ISNULL(Cusid,'')<>'') A INNER JOIN m_Customer_t B ON A.Cusid=B.CusID ORDER BY A.Cusid
[2019-11-28 08:41:27]
SELECT lineid FROM [deptline_t] where usey='Y'  AND FactoryID='0131'
[2019-11-28 08:41:27]
SELECT TOP 100 Moid, PartID, Moqty, Remark FROM m_Mainmo_t WHERE FinalY='N' AND Factory = '0131' AND profitcenter = '' ORDER BY Createtime DESC
[2019-11-28 08:42:51]
 select  moid, PartID ,Lineid,Deptid,''stationid from m_Mainmo_t where moid='001000009072' AND Factory='0131'
[2019-11-28 08:44:12]
SELECT lineid FROM [deptline_t] where usey='Y' and deptid = '10000339' AND FactoryID='0131'
[2019-11-28 08:44:38]
 SELECT '001000009072'+'-NG'+RIGHT('000'+CAST(ISNULL(MAX(RIGHT(PPID,3)),0)+1 AS VARCHAR),3) PPID FROM m_AssyTs_t  WHERE MOID ='001000009072' AND PPID LIKE '001000009072'+'-NG%' 
[2019-11-28 08:45:12]
 select distinct top 9999 a.partid,a.Lineid,isnull(a.moid,'') moid,     a.Ppid,a.Pppid,a.stationid,a.Codeitem,b.CsortName,a.Itemid,a.NgStationId,    (a.stationid + '-'+ isnull(d.Stationname,''))stationname,   (a.Codeid + '-'+ isnull(b.ccname,''))ccname,   (a.Rcodeid + '-'+ isnull(c.rccname,''))rccname,   (a.Solution + '-'+ e.MstyleName) Solution ,   a.Codeid, a.Rcodeid, convert(nvarchar(10),cast(a.NgDate as date),111) NgDate, a.NgQty,a.Suggestion,   case when Stateid='B' then Stateid + N'-驳回'  when Stateid='D' then Stateid + N'-不良品待维修'  when Stateid='G' then Stateid + N'-维修OK待确认'   when  Stateid='E' then Stateid + N'-产品已报废' when Stateid='P' then Stateid +N'-IPQC已确认' else N'A-在制良品' end Stateid,    (select users.UserName  from m_Users_t users where users.UserID = a.Userid) Userid ,a.Ngdate,a.Intime,a.Remark,    MaintainID, isnull(SmallSit,'') SmallSit,Stateid as StateStr,a.stationid,      CASE WHEN  isnull(a.ReStationId,'') <> '' THEN a.ReStationId + (CASE when isnull(d2.stationName,'') <> '' THEN  '-' ELSE '' END) + isnull(d2.stationName,'') else '' end ReStationId,a.ReStationId as R_StationId FROM m_AssyTs_t a INNER JOIN m_Mainmo_t mm ON a.Moid = mm.Moid  LEFT JOIN m_Code_t b ON a.codeid=b.codeid AND a.Codeitem=b.EsortName LEFT JOIN m_CodeR_t c ON a.Rcodeid=c.rCodeID LEFT JOIN m_Rstation_t d ON a.Stationid = d.Stationid LEFT JOIN m_Rstation_t d2 ON a.ReStationId = d2.Stationid  LEFT JOIN m_MainTainStyle_t e on a.Solution = e.mstyleid LEFT JOIN deptline_t f on f.lineid = a.Lineid  WHERE isnew='Y'  AND mm.Factory='0131' and a.moid='001000009072'  order by Intime desc 
[2019-11-28 08:45:53]
select dbo.GetMainTainID('MAI',getdate()) as Outwhid
[2019-11-28 08:47:35]
select CodeID,(CodeID+ '-' +CCName) Text from m_Code_t where EsortName='PJ' and usey='Y' 
[2019-11-28 08:47:39]
 select top 1 Stateid  from m_AssyTs_t a  join m_mainmo_t b  on a.moid =b.moid  where ppid='001000009072-NG001' AND b.Factory='0131' order by Intime desc
[2019-11-28 08:47:39]
select station from m_Code_t where CodeID = 'PJ04' and usey='Y' 
[2019-11-28 08:47:39]
select distinct 1 from [m_AssyTsProcss_t] where PartID = 'L0SUD006-CS-R-CA' and CONVERT(VARCHAR(10),CAST(NgDate AS datetime),111) = CONVERT(VARCHAR(10),CAST('2019/11/28' AS datetime),111) AND LINEID='XT046' 
[2019-11-28 08:47:39]
select isnull(MAX(Itemid),0) +1  from m_AssyTs_t where Ppid='001000009072-NG001'
[2019-11-28 08:47:39]
 declare @currentIndex varchar(2)  select @currentIndex = OrderIndex  from m_KanbanClass_t  where ClassType = 'C004' and CONVERT(varchar(12),getdate(),108) between  StartDt and EndDt if (@currentIndex = '1') begin select CONVERT(varchar(12),getdate(),108) end  else begin select NgAlertTime from m_KanbanClass_t  where ClassType = 'C004' and OrderIndex = '1' end
[2019-11-28 08:47:39]
select 1 from m_ProduceRecord_t where moid='TESTKH' and  StationID='T00042'
[2019-11-28 08:47:39]
select 1 from m_AssyTs_t where ppid = 'TESTKH'
[2019-11-28 08:47:39]
select 1  from m_AssyTs_t where ppid = 'TESTKH' and Stateid <>'P'
[2019-11-28 08:47:39]
select 1 from m_AssyTs_t where ppid = 'TESTKH' and  Stationid = 'T00042'
[2019-11-28 08:47:39]
select 1 from m_AssyTs_t where ppid = 'TESTKH' and  Stationid = 'T00042' and Stateid <>'P'
[2019-11-28 08:47:39]
 update m_SnSBarCode_t set usey='D' where SBarCode='001000009072-NG001'
 update m_ProduceRecord_t set ProTotNGQty=isnull(ProTotNGQty,0) + 1 where  moid='TESTKH'
 update m_ProduceRecord_t set ProNGQty=isnull(ProNGQty,0) + 1 where moid='TESTKH'
 update m_ProduceRecord_t set TotNGQty=isnull(TotNGQty,0) + 1 where moid='TESTKH' and  StationID='T00042'
 update m_ProduceRecord_t set NGQty=isnull(NGQty,0) + 1 where moid='TESTKH' and  StationID='T00042'
 declare @MaintainID varchar(50) 
 select  @MaintainID = dbo.GetMainTainID('MAI',getdate())  insert into m_AssyTs_t(MaintainID,moid,Lineid,NgDate,ppid,Pppid,Itemid,Stationid,SmallSit,partid,Codeitem,Codeid,Stateid,IsNew,NgQty,Userid,Intime,NgStationId)values (@MaintainID,'TESTKH','XT046', GETDATE() ,'001000009072-NG001','001000009072-NG001',1,'T00042','T00042','L0SUD006-CS-R-CA','PJ','PJ04','D','Y',1,'C060148',GETDATE(),'' ) 
[2019-11-28 08:47:43]
 select  moid, PartID ,Lineid,Deptid,''stationid from m_Mainmo_t where moid='TESTKH' AND Factory='0131'
[2019-11-28 08:47:43]
SELECT lineid FROM [deptline_t] where usey='Y' and deptid = '10000337' AND FactoryID='0131'
[2019-11-28 08:47:43]
 SELECT 'TESTKH'+'-NG'+RIGHT('000'+CAST(ISNULL(MAX(RIGHT(PPID,3)),0)+1 AS VARCHAR),3) PPID FROM m_AssyTs_t  WHERE MOID ='TESTKH' AND PPID LIKE 'TESTKH'+'-NG%' 
[2019-11-28 08:47:43]
 select distinct top 9999 a.partid,a.Lineid,isnull(a.moid,'') moid,     a.Ppid,a.Pppid,a.stationid,a.Codeitem,b.CsortName,a.Itemid,a.NgStationId,    (a.stationid + '-'+ isnull(d.Stationname,''))stationname,   (a.Codeid + '-'+ isnull(b.ccname,''))ccname,   (a.Rcodeid + '-'+ isnull(c.rccname,''))rccname,   (a.Solution + '-'+ e.MstyleName) Solution ,   a.Codeid, a.Rcodeid, convert(nvarchar(10),cast(a.NgDate as date),111) NgDate, a.NgQty,a.Suggestion,   case when Stateid='B' then Stateid + N'-驳回'  when Stateid='D' then Stateid + N'-不良品待维修'  when Stateid='G' then Stateid + N'-维修OK待确认'   when  Stateid='E' then Stateid + N'-产品已报废' when Stateid='P' then Stateid +N'-IPQC已确认' else N'A-在制良品' end Stateid,    (select users.UserName  from m_Users_t users where users.UserID = a.Userid) Userid ,a.Ngdate,a.Intime,a.Remark,    MaintainID, isnull(SmallSit,'') SmallSit,Stateid as StateStr,a.stationid,      CASE WHEN  isnull(a.ReStationId,'') <> '' THEN a.ReStationId + (CASE when isnull(d2.stationName,'') <> '' THEN  '-' ELSE '' END) + isnull(d2.stationName,'') else '' end ReStationId,a.ReStationId as R_StationId FROM m_AssyTs_t a INNER JOIN m_Mainmo_t mm ON a.Moid = mm.Moid  LEFT JOIN m_Code_t b ON a.codeid=b.codeid AND a.Codeitem=b.EsortName LEFT JOIN m_CodeR_t c ON a.Rcodeid=c.rCodeID LEFT JOIN m_Rstation_t d ON a.Stationid = d.Stationid LEFT JOIN m_Rstation_t d2 ON a.ReStationId = d2.Stationid  LEFT JOIN m_MainTainStyle_t e on a.Solution = e.mstyleid LEFT JOIN deptline_t f on f.lineid = a.Lineid  WHERE isnew='Y'  AND mm.Factory='0131' and a.moid='TESTKH'  order by Intime desc 
[2019-11-28 08:47:43]
select dbo.GetMainTainID('MAI',getdate()) as Outwhid
[2019-11-28 08:48:47]
 select  moid, PartID ,Lineid,Deptid,''stationid from m_Mainmo_t where moid='001000009072' AND Factory='0131'
[2019-11-28 08:48:47]
SELECT lineid FROM [deptline_t] where usey='Y' and deptid = '10000339' AND FactoryID='0131'
[2019-11-28 08:48:47]
 SELECT '001000009072'+'-NG'+RIGHT('000'+CAST(ISNULL(MAX(RIGHT(PPID,3)),0)+1 AS VARCHAR),3) PPID FROM m_AssyTs_t  WHERE MOID ='001000009072' AND PPID LIKE '001000009072'+'-NG%' 
[2019-11-28 08:48:47]
 select distinct top 9999 a.partid,a.Lineid,isnull(a.moid,'') moid,     a.Ppid,a.Pppid,a.stationid,a.Codeitem,b.CsortName,a.Itemid,a.NgStationId,    (a.stationid + '-'+ isnull(d.Stationname,''))stationname,   (a.Codeid + '-'+ isnull(b.ccname,''))ccname,   (a.Rcodeid + '-'+ isnull(c.rccname,''))rccname,   (a.Solution + '-'+ e.MstyleName) Solution ,   a.Codeid, a.Rcodeid, convert(nvarchar(10),cast(a.NgDate as date),111) NgDate, a.NgQty,a.Suggestion,   case when Stateid='B' then Stateid + N'-驳回'  when Stateid='D' then Stateid + N'-不良品待维修'  when Stateid='G' then Stateid + N'-维修OK待确认'   when  Stateid='E' then Stateid + N'-产品已报废' when Stateid='P' then Stateid +N'-IPQC已确认' else N'A-在制良品' end Stateid,    (select users.UserName  from m_Users_t users where users.UserID = a.Userid) Userid ,a.Ngdate,a.Intime,a.Remark,    MaintainID, isnull(SmallSit,'') SmallSit,Stateid as StateStr,a.stationid,      CASE WHEN  isnull(a.ReStationId,'') <> '' THEN a.ReStationId + (CASE when isnull(d2.stationName,'') <> '' THEN  '-' ELSE '' END) + isnull(d2.stationName,'') else '' end ReStationId,a.ReStationId as R_StationId FROM m_AssyTs_t a INNER JOIN m_Mainmo_t mm ON a.Moid = mm.Moid  LEFT JOIN m_Code_t b ON a.codeid=b.codeid AND a.Codeitem=b.EsortName LEFT JOIN m_CodeR_t c ON a.Rcodeid=c.rCodeID LEFT JOIN m_Rstation_t d ON a.Stationid = d.Stationid LEFT JOIN m_Rstation_t d2 ON a.ReStationId = d2.Stationid  LEFT JOIN m_MainTainStyle_t e on a.Solution = e.mstyleid LEFT JOIN deptline_t f on f.lineid = a.Lineid  WHERE isnew='Y'  AND mm.Factory='0131' and a.moid='001000009072'  order by Intime desc 
[2019-11-28 08:48:47]
select dbo.GetMainTainID('MAI',getdate()) as Outwhid
[2019-11-28 08:51:04]
SELECT A.Cusid,(A.Cusid + '-' +B.CusName)Text  FROM (SELECT DISTINCT Cusid FROM m_Mainmo_t WHERE ISNULL(Cusid,'')<>'' UNION  SELECT DISTINCT Cusid FROM m_PartContrast_t WHERE ISNULL(Cusid,'')<>'') A INNER JOIN m_Customer_t B ON A.Cusid=B.CusID ORDER BY A.Cusid
[2019-11-28 08:51:06]
SELECT lineid FROM [deptline_t] where usey='Y'  AND FactoryID='0131'
[2019-11-28 08:51:06]
SELECT TOP 100 Moid, PartID, Moqty, Remark FROM m_Mainmo_t WHERE FinalY='N' AND Factory = '0131' AND profitcenter = '' ORDER BY Createtime DESC
[2019-11-28 08:51:10]
 select  moid, PartID ,Lineid,Deptid,''stationid from m_Mainmo_t where moid='TESTKH' AND Factory='0131'
[2019-11-28 08:51:10]
SELECT lineid FROM [deptline_t] where usey='Y' and deptid = '10000337' AND FactoryID='0131'
[2019-11-28 08:51:10]
 SELECT 'TESTKH'+'-NG'+RIGHT('000'+CAST(ISNULL(MAX(RIGHT(PPID,3)),0)+1 AS VARCHAR),3) PPID FROM m_AssyTs_t  WHERE MOID ='TESTKH' AND PPID LIKE 'TESTKH'+'-NG%' 
[2019-11-28 08:51:10]
 select distinct top 9999 a.partid,a.Lineid,isnull(a.moid,'') moid,     a.Ppid,a.Pppid,a.stationid,a.Codeitem,b.CsortName,a.Itemid,a.NgStationId,    (a.stationid + '-'+ isnull(d.Stationname,''))stationname,   (a.Codeid + '-'+ isnull(b.ccname,''))ccname,   (a.Rcodeid + '-'+ isnull(c.rccname,''))rccname,   (a.Solution + '-'+ e.MstyleName) Solution ,   a.Codeid, a.Rcodeid, convert(nvarchar(10),cast(a.NgDate as date),111) NgDate, a.NgQty,a.Suggestion,   case when Stateid='B' then Stateid + N'-驳回'  when Stateid='D' then Stateid + N'-不良品待维修'  when Stateid='G' then Stateid + N'-维修OK待确认'   when  Stateid='E' then Stateid + N'-产品已报废' when Stateid='P' then Stateid +N'-IPQC已确认' else N'A-在制良品' end Stateid,    (select users.UserName  from m_Users_t users where users.UserID = a.Userid) Userid ,a.Ngdate,a.Intime,a.Remark,    MaintainID, isnull(SmallSit,'') SmallSit,Stateid as StateStr,a.stationid,      CASE WHEN  isnull(a.ReStationId,'') <> '' THEN a.ReStationId + (CASE when isnull(d2.stationName,'') <> '' THEN  '-' ELSE '' END) + isnull(d2.stationName,'') else '' end ReStationId,a.ReStationId as R_StationId FROM m_AssyTs_t a INNER JOIN m_Mainmo_t mm ON a.Moid = mm.Moid  LEFT JOIN m_Code_t b ON a.codeid=b.codeid AND a.Codeitem=b.EsortName LEFT JOIN m_CodeR_t c ON a.Rcodeid=c.rCodeID LEFT JOIN m_Rstation_t d ON a.Stationid = d.Stationid LEFT JOIN m_Rstation_t d2 ON a.ReStationId = d2.Stationid  LEFT JOIN m_MainTainStyle_t e on a.Solution = e.mstyleid LEFT JOIN deptline_t f on f.lineid = a.Lineid  WHERE isnew='Y'  AND mm.Factory='0131' and a.moid='TESTKH'  order by Intime desc 
[2019-11-28 08:51:10]
select dbo.GetMainTainID('MAI',getdate()) as Outwhid
[2019-11-28 08:51:19]
 select  moid, PartID ,Lineid,Deptid,''stationid from m_Mainmo_t where moid='TESTKH' AND Factory='0131'
[2019-11-28 08:51:19]
SELECT lineid FROM [deptline_t] where usey='Y' and deptid = '10000337' AND FactoryID='0131'
[2019-11-28 08:51:19]
 SELECT 'TESTKH'+'-NG'+RIGHT('000'+CAST(ISNULL(MAX(RIGHT(PPID,3)),0)+1 AS VARCHAR),3) PPID FROM m_AssyTs_t  WHERE MOID ='TESTKH' AND PPID LIKE 'TESTKH'+'-NG%' 
[2019-11-28 08:51:20]
 select distinct top 9999 a.partid,a.Lineid,isnull(a.moid,'') moid,     a.Ppid,a.Pppid,a.stationid,a.Codeitem,b.CsortName,a.Itemid,a.NgStationId,    (a.stationid + '-'+ isnull(d.Stationname,''))stationname,   (a.Codeid + '-'+ isnull(b.ccname,''))ccname,   (a.Rcodeid + '-'+ isnull(c.rccname,''))rccname,   (a.Solution + '-'+ e.MstyleName) Solution ,   a.Codeid, a.Rcodeid, convert(nvarchar(10),cast(a.NgDate as date),111) NgDate, a.NgQty,a.Suggestion,   case when Stateid='B' then Stateid + N'-驳回'  when Stateid='D' then Stateid + N'-不良品待维修'  when Stateid='G' then Stateid + N'-维修OK待确认'   when  Stateid='E' then Stateid + N'-产品已报废' when Stateid='P' then Stateid +N'-IPQC已确认' else N'A-在制良品' end Stateid,    (select users.UserName  from m_Users_t users where users.UserID = a.Userid) Userid ,a.Ngdate,a.Intime,a.Remark,    MaintainID, isnull(SmallSit,'') SmallSit,Stateid as StateStr,a.stationid,      CASE WHEN  isnull(a.ReStationId,'') <> '' THEN a.ReStationId + (CASE when isnull(d2.stationName,'') <> '' THEN  '-' ELSE '' END) + isnull(d2.stationName,'') else '' end ReStationId,a.ReStationId as R_StationId FROM m_AssyTs_t a INNER JOIN m_Mainmo_t mm ON a.Moid = mm.Moid  LEFT JOIN m_Code_t b ON a.codeid=b.codeid AND a.Codeitem=b.EsortName LEFT JOIN m_CodeR_t c ON a.Rcodeid=c.rCodeID LEFT JOIN m_Rstation_t d ON a.Stationid = d.Stationid LEFT JOIN m_Rstation_t d2 ON a.ReStationId = d2.Stationid  LEFT JOIN m_MainTainStyle_t e on a.Solution = e.mstyleid LEFT JOIN deptline_t f on f.lineid = a.Lineid  WHERE isnew='Y'  AND mm.Factory='0131' and a.moid='TESTKH'  order by Intime desc 
[2019-11-28 08:51:20]
select dbo.GetMainTainID('MAI',getdate()) as Outwhid
[2019-11-28 08:52:24]
 select  moid, PartID ,Lineid,Deptid,''stationid from m_Mainmo_t where moid='001000009072' AND Factory='0131'
[2019-11-28 08:52:24]
SELECT lineid FROM [deptline_t] where usey='Y' and deptid = '10000339' AND FactoryID='0131'
[2019-11-28 08:52:24]
 SELECT '001000009072'+'-NG'+RIGHT('000'+CAST(ISNULL(MAX(RIGHT(PPID,3)),0)+1 AS VARCHAR),3) PPID FROM m_AssyTs_t  WHERE MOID ='001000009072' AND PPID LIKE '001000009072'+'-NG%' 
[2019-11-28 08:52:24]
 select distinct top 9999 a.partid,a.Lineid,isnull(a.moid,'') moid,     a.Ppid,a.Pppid,a.stationid,a.Codeitem,b.CsortName,a.Itemid,a.NgStationId,    (a.stationid + '-'+ isnull(d.Stationname,''))stationname,   (a.Codeid + '-'+ isnull(b.ccname,''))ccname,   (a.Rcodeid + '-'+ isnull(c.rccname,''))rccname,   (a.Solution + '-'+ e.MstyleName) Solution ,   a.Codeid, a.Rcodeid, convert(nvarchar(10),cast(a.NgDate as date),111) NgDate, a.NgQty,a.Suggestion,   case when Stateid='B' then Stateid + N'-驳回'  when Stateid='D' then Stateid + N'-不良品待维修'  when Stateid='G' then Stateid + N'-维修OK待确认'   when  Stateid='E' then Stateid + N'-产品已报废' when Stateid='P' then Stateid +N'-IPQC已确认' else N'A-在制良品' end Stateid,    (select users.UserName  from m_Users_t users where users.UserID = a.Userid) Userid ,a.Ngdate,a.Intime,a.Remark,    MaintainID, isnull(SmallSit,'') SmallSit,Stateid as StateStr,a.stationid,      CASE WHEN  isnull(a.ReStationId,'') <> '' THEN a.ReStationId + (CASE when isnull(d2.stationName,'') <> '' THEN  '-' ELSE '' END) + isnull(d2.stationName,'') else '' end ReStationId,a.ReStationId as R_StationId FROM m_AssyTs_t a INNER JOIN m_Mainmo_t mm ON a.Moid = mm.Moid  LEFT JOIN m_Code_t b ON a.codeid=b.codeid AND a.Codeitem=b.EsortName LEFT JOIN m_CodeR_t c ON a.Rcodeid=c.rCodeID LEFT JOIN m_Rstation_t d ON a.Stationid = d.Stationid LEFT JOIN m_Rstation_t d2 ON a.ReStationId = d2.Stationid  LEFT JOIN m_MainTainStyle_t e on a.Solution = e.mstyleid LEFT JOIN deptline_t f on f.lineid = a.Lineid  WHERE isnew='Y'  AND mm.Factory='0131' and a.moid='001000009072'  order by Intime desc 
[2019-11-28 08:52:25]
select dbo.GetMainTainID('MAI',getdate()) as Outwhid
[2019-11-28 08:53:14]
 select  moid, PartID ,Lineid,Deptid,''stationid from m_Mainmo_t where moid='001000009072' AND Factory='0131'
[2019-11-28 08:53:14]
SELECT lineid FROM [deptline_t] where usey='Y' and deptid = '10000339' AND FactoryID='0131'
[2019-11-28 08:53:14]
 SELECT '001000009072'+'-NG'+RIGHT('000'+CAST(ISNULL(MAX(RIGHT(PPID,3)),0)+1 AS VARCHAR),3) PPID FROM m_AssyTs_t  WHERE MOID ='001000009072' AND PPID LIKE '001000009072'+'-NG%' 
[2019-11-28 08:53:14]
 select distinct top 9999 a.partid,a.Lineid,isnull(a.moid,'') moid,     a.Ppid,a.Pppid,a.stationid,a.Codeitem,b.CsortName,a.Itemid,a.NgStationId,    (a.stationid + '-'+ isnull(d.Stationname,''))stationname,   (a.Codeid + '-'+ isnull(b.ccname,''))ccname,   (a.Rcodeid + '-'+ isnull(c.rccname,''))rccname,   (a.Solution + '-'+ e.MstyleName) Solution ,   a.Codeid, a.Rcodeid, convert(nvarchar(10),cast(a.NgDate as date),111) NgDate, a.NgQty,a.Suggestion,   case when Stateid='B' then Stateid + N'-驳回'  when Stateid='D' then Stateid + N'-不良品待维修'  when Stateid='G' then Stateid + N'-维修OK待确认'   when  Stateid='E' then Stateid + N'-产品已报废' when Stateid='P' then Stateid +N'-IPQC已确认' else N'A-在制良品' end Stateid,    (select users.UserName  from m_Users_t users where users.UserID = a.Userid) Userid ,a.Ngdate,a.Intime,a.Remark,    MaintainID, isnull(SmallSit,'') SmallSit,Stateid as StateStr,a.stationid,      CASE WHEN  isnull(a.ReStationId,'') <> '' THEN a.ReStationId + (CASE when isnull(d2.stationName,'') <> '' THEN  '-' ELSE '' END) + isnull(d2.stationName,'') else '' end ReStationId,a.ReStationId as R_StationId FROM m_AssyTs_t a INNER JOIN m_Mainmo_t mm ON a.Moid = mm.Moid  LEFT JOIN m_Code_t b ON a.codeid=b.codeid AND a.Codeitem=b.EsortName LEFT JOIN m_CodeR_t c ON a.Rcodeid=c.rCodeID LEFT JOIN m_Rstation_t d ON a.Stationid = d.Stationid LEFT JOIN m_Rstation_t d2 ON a.ReStationId = d2.Stationid  LEFT JOIN m_MainTainStyle_t e on a.Solution = e.mstyleid LEFT JOIN deptline_t f on f.lineid = a.Lineid  WHERE isnew='Y'  AND mm.Factory='0131' and a.moid='001000009072'  order by Intime desc 
[2019-11-28 08:53:14]
select dbo.GetMainTainID('MAI',getdate()) as Outwhid
[2019-11-28 08:53:20]
SELECT A.Cusid,(A.Cusid + '-' +B.CusName)Text  FROM (SELECT DISTINCT Cusid FROM m_Mainmo_t WHERE ISNULL(Cusid,'')<>'' UNION  SELECT DISTINCT Cusid FROM m_PartContrast_t WHERE ISNULL(Cusid,'')<>'') A INNER JOIN m_Customer_t B ON A.Cusid=B.CusID ORDER BY A.Cusid
[2019-11-28 08:53:21]
SELECT lineid FROM [deptline_t] where usey='Y'  AND FactoryID='0131'
[2019-11-28 08:53:22]
SELECT TOP 100 Moid, PartID, Moqty, Remark FROM m_Mainmo_t WHERE FinalY='N' AND Factory = '0131' AND profitcenter = '' ORDER BY Createtime DESC
[2019-11-28 08:54:59]
SELECT * FROM m_Logtree_t WHERE Rightid='mes00' and 1=1 order by isnull(OrderBy,10000) 
[2019-11-28 08:55:00]
SELECT * FROM m_Logtree_t WHERE Rightid='mes00' and 1=1 order by isnull(OrderBy,10000) 
[2019-11-28 08:55:00]
SELECT a.UserID AS 工号 ,b.UserName AS 姓名  ,b.Team AS 部门名称,b.Jobs AS 职务 FROM dbo.m_UserRight_t a LEFT JOIN dbo.m_Users_t b  ON a.UserID=b.UserID WHERE Tkey = 'm0_' AND b.Usey = '1' AND A.UserID='C060148' UNION SELECT a.UserID AS 工号 ,b.UserName AS 姓名 ,b.Team AS 部门名称,b.Jobs AS 职务  FROM dbo.m_UserRight_t a LEFT JOIN dbo.m_Users_t b  ON a.UserID=b.UserID WHERE Tkey = 'm0_' AND b.Usey = '1' AND A.UserID<>'C060148'
[2019-11-28 08:55:01]
 exec Proc_ModifyTopMenu 'm01_13','MESUserManage.FrmSysMenu',N'系统菜单管理','C060148',N'DGLX-OF00-0005'
[2019-11-28 08:55:03]
 exec Proc_ModifyTopMenu 'm011i_','RouteManagement.FrmDbDictionary',N'数据库字典','C060148',N'DGLX-OF00-0005'
